<?xml version="1.0" encoding="UTF-8" ?>
<testsuite tests="1" failures="0" name="edu.zju.bme.clever.management.test.MavenProfileInheritanceTest" time="3.32" errors="1" skipped="0">
  <properties>
    <property name="java.runtime.name" value="Java(TM) SE Runtime Environment"/>
    <property name="sun.boot.library.path" value="C:\Program Files\Java\jdk1.8.0_05\jre\bin"/>
    <property name="java.vm.version" value="25.5-b02"/>
    <property name="java.vm.vendor" value="Oracle Corporation"/>
    <property name="java.vendor.url" value="http://java.oracle.com/"/>
    <property name="path.separator" value=";"/>
    <property name="guice.disable.misplaced.annotation.check" value="true"/>
    <property name="java.vm.name" value="Java HotSpot(TM) 64-Bit Server VM"/>
    <property name="file.encoding.pkg" value="sun.io"/>
    <property name="user.script" value=""/>
    <property name="user.country" value="US"/>
    <property name="sun.java.launcher" value="SUN_STANDARD"/>
    <property name="sun.os.patch.level" value=""/>
    <property name="java.vm.specification.name" value="Java Virtual Machine Specification"/>
    <property name="user.dir" value="C:\Projects\clever-managment\clever-management-service"/>
    <property name="java.runtime.version" value="1.8.0_05-b13"/>
    <property name="java.awt.graphicsenv" value="sun.awt.Win32GraphicsEnvironment"/>
    <property name="java.endorsed.dirs" value="C:\Program Files\Java\jdk1.8.0_05\jre\lib\endorsed"/>
    <property name="os.arch" value="amd64"/>
    <property name="java.io.tmpdir" value="C:\Users\Jacky\AppData\Local\Temp\"/>
    <property name="line.separator" value="
"/>
    <property name="java.vm.specification.vendor" value="Oracle Corporation"/>
    <property name="user.variant" value=""/>
    <property name="os.name" value="Windows 8.1"/>
    <property name="classworlds.conf" value="C:\Eclipse workspace\.metadata\.plugins\org.eclipse.m2e.launching\launches\m2conf927724051247818510.tmp"/>
    <property name="sun.jnu.encoding" value="GBK"/>
    <property name="java.library.path" value="C:\Program Files\Java\jdk1.8.0_05\bin;C:\Windows\Sun\Java\bin;C:\Windows\system32;C:\Windows;C:\Windows\system32;C:\Windows;C:\Windows\System32\Wbem;C:\Windows\System32\WindowsPowerShell\v1.0\;C:\Program Files\Java\jdk1.8.0_05\bin;C:\Program Files\Java\jdk1.8.0_05\jre\bin;C:\Softwares\apache-maven\bin;C:\Program Files\TortoiseGit\bin;C:\Program Files\TortoiseSVN\bin;C:\Program Files\Microsoft\Web Platform Installer\;C:\Program Files (x86)\Microsoft ASP.NET\ASP.NET Web Pages\v1.0\;C:\Program Files (x86)\Windows Kits\8.0\Windows Performance Toolkit\;C:\Program Files\Microsoft SQL Server\110\Tools\Binn\;C:\Program Files\Microsoft SQL Server\110\DTS\Binn\;C:\Program Files (x86)\Microsoft SQL Server\110\Tools\Binn\;C:\Program Files (x86)\Microsoft SQL Server\110\Tools\Binn\ManagementStudio\;C:\Program Files (x86)\Microsoft Visual Studio 10.0\Common7\IDE\PrivateAssemblies\;C:\Program Files (x86)\Microsoft SQL Server\110\DTS\Binn\;C:\Program Files\nodejs\;C:\Users\Jacky\AppData\Roaming\npm;."/>
    <property name="java.specification.name" value="Java Platform API Specification"/>
    <property name="java.class.version" value="52.0"/>
    <property name="sun.management.compiler" value="HotSpot 64-Bit Tiered Compilers"/>
    <property name="os.version" value="6.3"/>
    <property name="user.home" value="C:\Users\Jacky"/>
    <property name="user.timezone" value="Asia/Shanghai"/>
    <property name="java.awt.printerjob" value="sun.awt.windows.WPrinterJob"/>
    <property name="java.specification.version" value="1.8"/>
    <property name="file.encoding" value="UTF-8"/>
    <property name="user.name" value="Jacky"/>
    <property name="java.class.path" value="C:\Softwares\apache-maven\boot\plexus-classworlds-2.5.1.jar"/>
    <property name="org.slf4j.simpleLogger.defaultLogLevel" value="info"/>
    <property name="maven.surefire.debug" value="true"/>
    <property name="java.vm.specification.version" value="1.8"/>
    <property name="sun.arch.data.model" value="64"/>
    <property name="java.home" value="C:\Program Files\Java\jdk1.8.0_05\jre"/>
    <property name="sun.java.command" value="org.codehaus.plexus.classworlds.launcher.Launcher -B -Dmaven.surefire.debug test"/>
    <property name="java.specification.vendor" value="Oracle Corporation"/>
    <property name="user.language" value="en"/>
    <property name="awt.toolkit" value="sun.awt.windows.WToolkit"/>
    <property name="java.vm.info" value="mixed mode"/>
    <property name="java.version" value="1.8.0_05"/>
    <property name="java.ext.dirs" value="C:\Program Files\Java\jdk1.8.0_05\jre\lib\ext;C:\Windows\Sun\Java\lib\ext"/>
    <property name="sun.boot.class.path" value="C:\Program Files\Java\jdk1.8.0_05\jre\lib\resources.jar;C:\Program Files\Java\jdk1.8.0_05\jre\lib\rt.jar;C:\Program Files\Java\jdk1.8.0_05\jre\lib\sunrsasign.jar;C:\Program Files\Java\jdk1.8.0_05\jre\lib\jsse.jar;C:\Program Files\Java\jdk1.8.0_05\jre\lib\jce.jar;C:\Program Files\Java\jdk1.8.0_05\jre\lib\charsets.jar;C:\Program Files\Java\jdk1.8.0_05\jre\lib\jfr.jar;C:\Program Files\Java\jdk1.8.0_05\jre\classes"/>
    <property name="java.vendor" value="Oracle Corporation"/>
    <property name="maven.home" value="C:\Softwares\apache-maven"/>
    <property name="file.separator" value="\"/>
    <property name="java.vendor.url.bug" value="http://bugreport.sun.com/bugreport/"/>
    <property name="sun.cpu.endian" value="little"/>
    <property name="sun.io.unicode.encoding" value="UnicodeLittle"/>
    <property name="sun.desktop" value="windows"/>
    <property name="sun.cpu.isalist" value="amd64"/>
  </properties>
  <testcase classname="edu.zju.bme.clever.management.test.MavenProfileInheritanceTest" name="test" time="3.32">
    <error message="Error creating bean with name &apos;edu.zju.bme.clever.management.test.MavenProfileInheritanceTest&apos;: Injection of resource dependencies failed; nested exception is org.springframework.beans.factory.NoSuchBeanDefinitionException: No bean named &apos;mavenProfileInheritance&apos; is defined" type="org.springframework.beans.factory.BeanCreationException">org.springframework.beans.factory.BeanCreationException: Error creating bean with name &apos;edu.zju.bme.clever.management.test.MavenProfileInheritanceTest&apos;: Injection of resource dependencies failed; nested exception is org.springframework.beans.factory.NoSuchBeanDefinitionException: No bean named &apos;mavenProfileInheritance&apos; is defined
	at org.springframework.context.annotation.CommonAnnotationBeanPostProcessor.postProcessPropertyValues(CommonAnnotationBeanPostProcessor.java:308)
	at org.springframework.beans.factory.support.AbstractAutowireCapableBeanFactory.populateBean(AbstractAutowireCapableBeanFactory.java:1185)
	at org.springframework.beans.factory.support.AbstractAutowireCapableBeanFactory.autowireBeanProperties(AbstractAutowireCapableBeanFactory.java:384)
	at org.springframework.test.context.support.DependencyInjectionTestExecutionListener.injectDependencies(DependencyInjectionTestExecutionListener.java:110)
	at org.springframework.test.context.support.DependencyInjectionTestExecutionListener.prepareTestInstance(DependencyInjectionTestExecutionListener.java:75)
	at org.springframework.test.context.TestContextManager.prepareTestInstance(TestContextManager.java:331)
	at org.springframework.test.context.junit4.SpringJUnit4ClassRunner.createTest(SpringJUnit4ClassRunner.java:213)
	at org.springframework.test.context.junit4.SpringJUnit4ClassRunner$1.runReflectiveCall(SpringJUnit4ClassRunner.java:290)
	at org.junit.internal.runners.model.ReflectiveCallable.run(ReflectiveCallable.java:12)
	at org.springframework.test.context.junit4.SpringJUnit4ClassRunner.methodBlock(SpringJUnit4ClassRunner.java:292)
	at org.springframework.test.context.junit4.SpringJUnit4ClassRunner.runChild(SpringJUnit4ClassRunner.java:233)
	at org.springframework.test.context.junit4.SpringJUnit4ClassRunner.runChild(SpringJUnit4ClassRunner.java:87)
	at org.junit.runners.ParentRunner$3.run(ParentRunner.java:238)
	at org.junit.runners.ParentRunner$1.schedule(ParentRunner.java:63)
	at org.junit.runners.ParentRunner.runChildren(ParentRunner.java:236)
	at org.junit.runners.ParentRunner.access$000(ParentRunner.java:53)
	at org.junit.runners.ParentRunner$2.evaluate(ParentRunner.java:229)
	at org.springframework.test.context.junit4.statements.RunBeforeTestClassCallbacks.evaluate(RunBeforeTestClassCallbacks.java:61)
	at org.springframework.test.context.junit4.statements.RunAfterTestClassCallbacks.evaluate(RunAfterTestClassCallbacks.java:71)
	at org.junit.runners.ParentRunner.run(ParentRunner.java:309)
	at org.springframework.test.context.junit4.SpringJUnit4ClassRunner.run(SpringJUnit4ClassRunner.java:176)
	at org.apache.maven.surefire.junit4.JUnit4Provider.execute(JUnit4Provider.java:252)
	at org.apache.maven.surefire.junit4.JUnit4Provider.executeTestSet(JUnit4Provider.java:141)
	at org.apache.maven.surefire.junit4.JUnit4Provider.invoke(JUnit4Provider.java:112)
	at sun.reflect.NativeMethodAccessorImpl.invoke0(Native Method)
	at sun.reflect.NativeMethodAccessorImpl.invoke(NativeMethodAccessorImpl.java:62)
	at sun.reflect.DelegatingMethodAccessorImpl.invoke(DelegatingMethodAccessorImpl.java:43)
	at java.lang.reflect.Method.invoke(Method.java:483)
	at org.apache.maven.surefire.util.ReflectionUtils.invokeMethodWithArray(ReflectionUtils.java:189)
	at org.apache.maven.surefire.booter.ProviderFactory$ProviderProxy.invoke(ProviderFactory.java:165)
	at org.apache.maven.surefire.booter.ProviderFactory.invokeProvider(ProviderFactory.java:85)
	at org.apache.maven.surefire.booter.ForkedBooter.runSuitesInProcess(ForkedBooter.java:115)
	at org.apache.maven.surefire.booter.ForkedBooter.main(ForkedBooter.java:75)
Caused by: org.springframework.beans.factory.NoSuchBeanDefinitionException: No bean named &apos;mavenProfileInheritance&apos; is defined
	at org.springframework.beans.factory.support.DefaultListableBeanFactory.getBeanDefinition(DefaultListableBeanFactory.java:641)
	at org.springframework.beans.factory.support.AbstractBeanFactory.getMergedLocalBeanDefinition(AbstractBeanFactory.java:1157)
	at org.springframework.beans.factory.support.AbstractBeanFactory.doGetBean(AbstractBeanFactory.java:280)
	at org.springframework.beans.factory.support.AbstractBeanFactory.getBean(AbstractBeanFactory.java:198)
	at org.springframework.context.annotation.CommonAnnotationBeanPostProcessor.autowireResource(CommonAnnotationBeanPostProcessor.java:446)
	at org.springframework.context.annotation.CommonAnnotationBeanPostProcessor.getResource(CommonAnnotationBeanPostProcessor.java:420)
	at org.springframework.context.annotation.CommonAnnotationBeanPostProcessor$ResourceElement.getResourceToInject(CommonAnnotationBeanPostProcessor.java:545)
	at org.springframework.beans.factory.annotation.InjectionMetadata$InjectedElement.inject(InjectionMetadata.java:155)
	at org.springframework.beans.factory.annotation.InjectionMetadata.inject(InjectionMetadata.java:87)
	at org.springframework.context.annotation.CommonAnnotationBeanPostProcessor.postProcessPropertyValues(CommonAnnotationBeanPostProcessor.java:305)
	... 32 more
</error>
    <system-err>Nov 13, 2014 11:04:32 AM com.mchange.v2.log.MLog &lt;clinit&gt;
INFO: MLog clients using java 1.4+ standard logging.
Nov 13, 2014 11:04:32 AM com.mchange.v2.c3p0.C3P0Registry banner
INFO: Initializing c3p0-0.9.2.1 [built 20-March-2013 10:47:27 +0000; debug? true; trace: 10]
2014-11-13 11:04:32,729 [main] org.jboss.logging::find 
 DEBUG- Logging Provider: org.jboss.logging.Slf4jLoggerProvider

2014-11-13 11:04:32,786 [main] org.hibernate.jpa.internal.util.LogHelper::logPersistenceUnitInformation 
 INFO - HHH000204: Processing PersistenceUnitInfo [
	name: default
	...]

2014-11-13 11:04:32,884 [main] org.hibernate.Version::logVersion 
 INFO - HHH000412: Hibernate Core {4.3.7.Final}

2014-11-13 11:04:32,887 [main] org.hibernate.cfg.Environment::&lt;clinit&gt; 
 INFO - HHH000206: hibernate.properties not found

2014-11-13 11:04:32,889 [main] org.hibernate.cfg.Environment::buildBytecodeProvider 
 INFO - HHH000021: Bytecode provider name : javassist

2014-11-13 11:04:33,136 [main] org.hibernate.annotations.common.Version::&lt;clinit&gt; 
 INFO - HCANN000001: Hibernate Commons Annotations {4.0.5.Final}

Nov 13, 2014 11:04:33 AM com.mchange.v2.c3p0.impl.AbstractPoolBackedDataSource getPoolManager
INFO: Initializing c3p0 pool... com.mchange.v2.c3p0.ComboPooledDataSource [ acquireIncrement -&gt; 5, acquireRetryAttempts -&gt; 30, acquireRetryDelay -&gt; 1000, autoCommitOnClose -&gt; false, automaticTestTable -&gt; null, breakAfterAcquireFailure -&gt; false, checkoutTimeout -&gt; 0, connectionCustomizerClassName -&gt; null, connectionTesterClassName -&gt; com.mchange.v2.c3p0.impl.DefaultConnectionTester, dataSourceName -&gt; 1bqor9z951ad7kc350qurd|6d366c9b, debugUnreturnedConnectionStackTraces -&gt; false, description -&gt; null, driverClass -&gt; com.microsoft.sqlserver.jdbc.SQLServerDriver, factoryClassLocation -&gt; null, forceIgnoreUnresolvedTransactions -&gt; false, identityToken -&gt; 1bqor9z951ad7kc350qurd|6d366c9b, idleConnectionTestPeriod -&gt; 0, initialPoolSize -&gt; 5, jdbcUrl -&gt; jdbc:sqlserver://localhost;databaseName=clever-management, maxAdministrativeTaskTime -&gt; 0, maxConnectionAge -&gt; 0, maxIdleTime -&gt; 100, maxIdleTimeExcessConnections -&gt; 0, maxPoolSize -&gt; 20, maxStatements -&gt; 0, maxStatementsPerConnection -&gt; 0, minPoolSize -&gt; 5, numHelperThreads -&gt; 3, preferredTestQuery -&gt; null, properties -&gt; {user=******, password=******}, propertyCycle -&gt; 0, statementCacheNumDeferredCloseThreads -&gt; 0, testConnectionOnCheckin -&gt; false, testConnectionOnCheckout -&gt; false, unreturnedConnectionTimeout -&gt; 0, userOverrides -&gt; {}, usesTraditionalReflectiveProxies -&gt; false ]
2014-11-13 11:04:33,699 [main] org.hibernate.dialect.Dialect::&lt;init&gt; 
 INFO - HHH000400: Using dialect: org.hibernate.dialect.SQLServer2012Dialect

2014-11-13 11:04:33,713 [main] o.hibernate.engine.jdbc.internal.LobCreatorBuilder::useContextualLobCreation 
 INFO - HHH000424: Disabling contextual LOB creation as createClob() method threw error : java.lang.reflect.InvocationTargetException

2014-11-13 11:04:34,001 [main] o.h.hql.internal.ast.ASTQueryTranslatorFactory::&lt;init&gt; 
 INFO - HHH000397: Using ASTQueryTranslatorFactory

2014-11-13 11:04:34,455 [main] org.hibernate.tool.hbm2ddl.SchemaUpdate::execute 
 INFO - HHH000228: Running hbm2ddl schema update

2014-11-13 11:04:34,456 [main] org.hibernate.tool.hbm2ddl.SchemaUpdate::execute 
 INFO - HHH000102: Fetching database metadata

2014-11-13 11:04:34,462 [main] org.hibernate.tool.hbm2ddl.SchemaUpdate::execute 
 INFO - HHH000396: Updating schema

2014-11-13 11:04:34,495 [main] org.hibernate.tool.hbm2ddl.TableMetadata::&lt;init&gt; 
 INFO - HHH000261: Table found: clever-management.dbo.Authorities

2014-11-13 11:04:34,496 [main] org.hibernate.tool.hbm2ddl.TableMetadata::&lt;init&gt; 
 INFO - HHH000037: Columns: [authorityid, authorityname, description, id]

2014-11-13 11:04:34,496 [main] org.hibernate.tool.hbm2ddl.TableMetadata::&lt;init&gt; 
 INFO - HHH000108: Foreign keys: []

2014-11-13 11:04:34,497 [main] org.hibernate.tool.hbm2ddl.TableMetadata::&lt;init&gt; 
 INFO - HHH000126: Indexes: [pk__authorit__433b1e4df0c9e59e]

2014-11-13 11:04:34,504 [main] org.hibernate.tool.hbm2ddl.TableMetadata::&lt;init&gt; 
 INFO - HHH000261: Table found: clever-management.dbo.RoleAuthorityMappling

2014-11-13 11:04:34,505 [main] org.hibernate.tool.hbm2ddl.TableMetadata::&lt;init&gt; 
 INFO - HHH000037: Columns: [authorityid, roleid]

2014-11-13 11:04:34,506 [main] org.hibernate.tool.hbm2ddl.TableMetadata::&lt;init&gt; 
 INFO - HHH000108: Foreign keys: [fk_juldq62i305dllftvwi7rcfm, fk_69r3h4g7pdritr1k69p04b07q]

2014-11-13 11:04:34,506 [main] org.hibernate.tool.hbm2ddl.TableMetadata::&lt;init&gt; 
 INFO - HHH000126: Indexes: [pk__roleauth__4ec97ffe25ce20c9]

2014-11-13 11:04:34,510 [main] org.hibernate.tool.hbm2ddl.TableMetadata::&lt;init&gt; 
 INFO - HHH000261: Table found: clever-management.dbo.Roles

2014-11-13 11:04:34,511 [main] org.hibernate.tool.hbm2ddl.TableMetadata::&lt;init&gt; 
 INFO - HHH000037: Columns: [roleid, rolename, description, id]

2014-11-13 11:04:34,511 [main] org.hibernate.tool.hbm2ddl.TableMetadata::&lt;init&gt; 
 INFO - HHH000108: Foreign keys: []

2014-11-13 11:04:34,511 [main] org.hibernate.tool.hbm2ddl.TableMetadata::&lt;init&gt; 
 INFO - HHH000126: Indexes: [pk__roles__8aface1ac25e9275]

2014-11-13 11:04:34,515 [main] org.hibernate.tool.hbm2ddl.TableMetadata::&lt;init&gt; 
 INFO - HHH000261: Table found: clever-management.dbo.UserRoleMappling

2014-11-13 11:04:34,516 [main] org.hibernate.tool.hbm2ddl.TableMetadata::&lt;init&gt; 
 INFO - HHH000037: Columns: [roleid, userid]

2014-11-13 11:04:34,516 [main] org.hibernate.tool.hbm2ddl.TableMetadata::&lt;init&gt; 
 INFO - HHH000108: Foreign keys: [fk_t2xws0jvhpbjioyn3pksxc54i, fk_l2s7wc2cnwc6hoo3vluihqsov]

2014-11-13 11:04:34,516 [main] org.hibernate.tool.hbm2ddl.TableMetadata::&lt;init&gt; 
 INFO - HHH000126: Indexes: [pk__userrole__af2760ada25b6dd8]

2014-11-13 11:04:34,520 [main] org.hibernate.tool.hbm2ddl.TableMetadata::&lt;init&gt; 
 INFO - HHH000261: Table found: clever-management.dbo.Users

2014-11-13 11:04:34,521 [main] org.hibernate.tool.hbm2ddl.TableMetadata::&lt;init&gt; 
 INFO - HHH000037: Columns: [password, lastlogouttime, id, updatetime, enabled, username]

2014-11-13 11:04:34,521 [main] org.hibernate.tool.hbm2ddl.TableMetadata::&lt;init&gt; 
 INFO - HHH000108: Foreign keys: []

2014-11-13 11:04:34,521 [main] org.hibernate.tool.hbm2ddl.TableMetadata::&lt;init&gt; 
 INFO - HHH000126: Indexes: [pk__users__3214ec0709ae60b4]

2014-11-13 11:04:34,530 [main] org.hibernate.tool.hbm2ddl.SchemaUpdate::execute 
 ERROR- HHH000388: Unsuccessful: alter table RoleAuthorityMappling add constraint FK_juldq62i305dllftvwi7rcfm foreign key (AuthorityId) references Authorities

2014-11-13 11:04:34,531 [main] org.hibernate.tool.hbm2ddl.SchemaUpdate::execute 
 ERROR- There is already an object named &apos;FK_juldq62i305dllftvwi7rcfm&apos; in the database.

2014-11-13 11:04:34,535 [main] org.hibernate.tool.hbm2ddl.SchemaUpdate::execute 
 ERROR- HHH000388: Unsuccessful: alter table RoleAuthorityMappling add constraint FK_69r3h4g7pdritr1k69p04b07q foreign key (RoleId) references Roles

2014-11-13 11:04:34,535 [main] org.hibernate.tool.hbm2ddl.SchemaUpdate::execute 
 ERROR- There is already an object named &apos;FK_69r3h4g7pdritr1k69p04b07q&apos; in the database.

2014-11-13 11:04:34,540 [main] org.hibernate.tool.hbm2ddl.SchemaUpdate::execute 
 ERROR- HHH000388: Unsuccessful: alter table UserRoleMappling add constraint FK_l2s7wc2cnwc6hoo3vluihqsov foreign key (RoleId) references Roles

2014-11-13 11:04:34,540 [main] org.hibernate.tool.hbm2ddl.SchemaUpdate::execute 
 ERROR- There is already an object named &apos;FK_l2s7wc2cnwc6hoo3vluihqsov&apos; in the database.

2014-11-13 11:04:34,541 [main] org.hibernate.tool.hbm2ddl.SchemaUpdate::execute 
 INFO - HHH000232: Schema update complete

2014-11-13 11:04:34,986 [main] o.springframework.test.context.TestContextManager::prepareTestInstance 
 ERROR- Caught exception while allowing TestExecutionListener [org.springframework.test.context.support.DependencyInjectionTestExecutionListener@17207f5b] to prepare test instance [edu.zju.bme.clever.management.test.MavenProfileInheritanceTest@373052b5]

org.springframework.beans.factory.BeanCreationException: Error creating bean with name &apos;edu.zju.bme.clever.management.test.MavenProfileInheritanceTest&apos;: Injection of resource dependencies failed; nested exception is org.springframework.beans.factory.NoSuchBeanDefinitionException: No bean named &apos;mavenProfileInheritance&apos; is defined
	at org.springframework.context.annotation.CommonAnnotationBeanPostProcessor.postProcessPropertyValues(CommonAnnotationBeanPostProcessor.java:308) ~[spring-context-4.0.6.RELEASE.jar:4.0.6.RELEASE]
	at org.springframework.beans.factory.support.AbstractAutowireCapableBeanFactory.populateBean(AbstractAutowireCapableBeanFactory.java:1185) ~[spring-beans-4.0.6.RELEASE.jar:4.0.6.RELEASE]
	at org.springframework.beans.factory.support.AbstractAutowireCapableBeanFactory.autowireBeanProperties(AbstractAutowireCapableBeanFactory.java:384) ~[spring-beans-4.0.6.RELEASE.jar:4.0.6.RELEASE]
	at org.springframework.test.context.support.DependencyInjectionTestExecutionListener.injectDependencies(DependencyInjectionTestExecutionListener.java:110) ~[spring-test-4.0.6.RELEASE.jar:4.0.6.RELEASE]
	at org.springframework.test.context.support.DependencyInjectionTestExecutionListener.prepareTestInstance(DependencyInjectionTestExecutionListener.java:75) ~[spring-test-4.0.6.RELEASE.jar:4.0.6.RELEASE]
	at org.springframework.test.context.TestContextManager.prepareTestInstance(TestContextManager.java:331) ~[spring-test-4.0.6.RELEASE.jar:4.0.6.RELEASE]
	at org.springframework.test.context.junit4.SpringJUnit4ClassRunner.createTest(SpringJUnit4ClassRunner.java:213) [spring-test-4.0.6.RELEASE.jar:4.0.6.RELEASE]
	at org.springframework.test.context.junit4.SpringJUnit4ClassRunner$1.runReflectiveCall(SpringJUnit4ClassRunner.java:290) [spring-test-4.0.6.RELEASE.jar:4.0.6.RELEASE]
	at org.junit.internal.runners.model.ReflectiveCallable.run(ReflectiveCallable.java:12) [junit-4.11.jar:na]
	at org.springframework.test.context.junit4.SpringJUnit4ClassRunner.methodBlock(SpringJUnit4ClassRunner.java:292) [spring-test-4.0.6.RELEASE.jar:4.0.6.RELEASE]
	at org.springframework.test.context.junit4.SpringJUnit4ClassRunner.runChild(SpringJUnit4ClassRunner.java:233) [spring-test-4.0.6.RELEASE.jar:4.0.6.RELEASE]
	at org.springframework.test.context.junit4.SpringJUnit4ClassRunner.runChild(SpringJUnit4ClassRunner.java:87) [spring-test-4.0.6.RELEASE.jar:4.0.6.RELEASE]
	at org.junit.runners.ParentRunner$3.run(ParentRunner.java:238) [junit-4.11.jar:na]
	at org.junit.runners.ParentRunner$1.schedule(ParentRunner.java:63) [junit-4.11.jar:na]
	at org.junit.runners.ParentRunner.runChildren(ParentRunner.java:236) [junit-4.11.jar:na]
	at org.junit.runners.ParentRunner.access$000(ParentRunner.java:53) [junit-4.11.jar:na]
	at org.junit.runners.ParentRunner$2.evaluate(ParentRunner.java:229) [junit-4.11.jar:na]
	at org.springframework.test.context.junit4.statements.RunBeforeTestClassCallbacks.evaluate(RunBeforeTestClassCallbacks.java:61) [spring-test-4.0.6.RELEASE.jar:4.0.6.RELEASE]
	at org.springframework.test.context.junit4.statements.RunAfterTestClassCallbacks.evaluate(RunAfterTestClassCallbacks.java:71) [spring-test-4.0.6.RELEASE.jar:4.0.6.RELEASE]
	at org.junit.runners.ParentRunner.run(ParentRunner.java:309) [junit-4.11.jar:na]
	at org.springframework.test.context.junit4.SpringJUnit4ClassRunner.run(SpringJUnit4ClassRunner.java:176) [spring-test-4.0.6.RELEASE.jar:4.0.6.RELEASE]
	at org.apache.maven.surefire.junit4.JUnit4Provider.execute(JUnit4Provider.java:252) [surefire-junit4-2.12.4.jar:2.12.4]
	at org.apache.maven.surefire.junit4.JUnit4Provider.executeTestSet(JUnit4Provider.java:141) [surefire-junit4-2.12.4.jar:2.12.4]
	at org.apache.maven.surefire.junit4.JUnit4Provider.invoke(JUnit4Provider.java:112) [surefire-junit4-2.12.4.jar:2.12.4]
	at sun.reflect.NativeMethodAccessorImpl.invoke0(Native Method) ~[na:1.8.0_05]
	at sun.reflect.NativeMethodAccessorImpl.invoke(NativeMethodAccessorImpl.java:62) ~[na:1.8.0_05]
	at sun.reflect.DelegatingMethodAccessorImpl.invoke(DelegatingMethodAccessorImpl.java:43) ~[na:1.8.0_05]
	at java.lang.reflect.Method.invoke(Method.java:483) ~[na:1.8.0_05]
	at org.apache.maven.surefire.util.ReflectionUtils.invokeMethodWithArray(ReflectionUtils.java:189) [surefire-api-2.12.4.jar:2.12.4]
	at org.apache.maven.surefire.booter.ProviderFactory$ProviderProxy.invoke(ProviderFactory.java:165) [surefire-booter-2.12.4.jar:2.12.4]
	at org.apache.maven.surefire.booter.ProviderFactory.invokeProvider(ProviderFactory.java:85) [surefire-booter-2.12.4.jar:2.12.4]
	at org.apache.maven.surefire.booter.ForkedBooter.runSuitesInProcess(ForkedBooter.java:115) [surefire-booter-2.12.4.jar:2.12.4]
	at org.apache.maven.surefire.booter.ForkedBooter.main(ForkedBooter.java:75) [surefire-booter-2.12.4.jar:2.12.4]
Caused by: org.springframework.beans.factory.NoSuchBeanDefinitionException: No bean named &apos;mavenProfileInheritance&apos; is defined
	at org.springframework.beans.factory.support.DefaultListableBeanFactory.getBeanDefinition(DefaultListableBeanFactory.java:641) ~[spring-beans-4.0.6.RELEASE.jar:4.0.6.RELEASE]
	at org.springframework.beans.factory.support.AbstractBeanFactory.getMergedLocalBeanDefinition(AbstractBeanFactory.java:1157) ~[spring-beans-4.0.6.RELEASE.jar:4.0.6.RELEASE]
	at org.springframework.beans.factory.support.AbstractBeanFactory.doGetBean(AbstractBeanFactory.java:280) ~[spring-beans-4.0.6.RELEASE.jar:4.0.6.RELEASE]
	at org.springframework.beans.factory.support.AbstractBeanFactory.getBean(AbstractBeanFactory.java:198) ~[spring-beans-4.0.6.RELEASE.jar:4.0.6.RELEASE]
	at org.springframework.context.annotation.CommonAnnotationBeanPostProcessor.autowireResource(CommonAnnotationBeanPostProcessor.java:446) ~[spring-context-4.0.6.RELEASE.jar:4.0.6.RELEASE]
	at org.springframework.context.annotation.CommonAnnotationBeanPostProcessor.getResource(CommonAnnotationBeanPostProcessor.java:420) ~[spring-context-4.0.6.RELEASE.jar:4.0.6.RELEASE]
	at org.springframework.context.annotation.CommonAnnotationBeanPostProcessor$ResourceElement.getResourceToInject(CommonAnnotationBeanPostProcessor.java:545) ~[spring-context-4.0.6.RELEASE.jar:4.0.6.RELEASE]
	at org.springframework.beans.factory.annotation.InjectionMetadata$InjectedElement.inject(InjectionMetadata.java:155) ~[spring-beans-4.0.6.RELEASE.jar:4.0.6.RELEASE]
	at org.springframework.beans.factory.annotation.InjectionMetadata.inject(InjectionMetadata.java:87) ~[spring-beans-4.0.6.RELEASE.jar:4.0.6.RELEASE]
	at org.springframework.context.annotation.CommonAnnotationBeanPostProcessor.postProcessPropertyValues(CommonAnnotationBeanPostProcessor.java:305) ~[spring-context-4.0.6.RELEASE.jar:4.0.6.RELEASE]
	... 32 common frames omitted
</system-err>
  </testcase>
</testsuite>